<?xml version="1.0" encoding="UTF-8"?>
<testng-results ignored="0" total="1" passed="1" failed="0" skipped="0">
  <reporter-output>
  </reporter-output>
  <suite started-at="2023-05-25T00:29:24 IST" name="Default suite" finished-at="2023-05-25T00:30:22 IST" duration-ms="58224">
    <groups>
    </groups>
    <test started-at="2023-05-25T00:29:24 IST" name="Default test" finished-at="2023-05-25T00:30:22 IST" duration-ms="58224">
      <class name="Automation.loginpage">
        <test-method is-config="true" signature="setup()[pri:0, instance:Automation.loginpage@47af7f3d]" started-at="2023-05-25T00:29:24 IST" name="setup" finished-at="2023-05-25T00:29:25 IST" duration-ms="1376" status="PASS">
          <reporter-output>
          </reporter-output>
        </test-method> <!-- setup -->
        <test-method signature="testLogin()[pri:0, instance:Automation.loginpage@47af7f3d]" started-at="2023-05-25T00:29:25 IST" name="testLogin" finished-at="2023-05-25T00:30:22 IST" duration-ms="56819" status="PASS">
          <reporter-output>
          </reporter-output>
        </test-method> <!-- testLogin -->
      </class> <!-- Automation.loginpage -->
    </test> <!-- Default test -->
  </suite> <!-- Default suite -->
</testng-results>
